2010-03-15 00:18:34 Notice: Notice (1024): Please change the value of 'Security.salt' in app/config/core.php to a salt value specific to your application in [CORE/cake/libs/debugger.php, line 549]
2010-03-15 00:19:35 Notice: Notice (1024): Please change the value of 'Security.salt' in app/config/core.php to a salt value specific to your application in [CORE/cake/libs/debugger.php, line 549]
2010-03-15 00:19:38 Notice: Notice (1024): Please change the value of 'Security.salt' in app/config/core.php to a salt value specific to your application in [CORE/cake/libs/debugger.php, line 549]
2010-03-15 00:20:52 Notice: Notice (1024): Please change the value of 'Security.salt' in app/config/core.php to a salt value specific to your application in [CORE/cake/libs/debugger.php, line 549]
2010-03-15 16:58:45 Notice: Notice (1024): Please change the value of 'Security.salt' in app/config/core.php to a salt value specific to your application in [/var/www/cake/cake/libs/debugger.php, line 674]
2010-03-15 16:58:45 Notice: Notice (1024): Please change the value of 'Security.cipherSeed' in app/config/core.php to a numeric (digits only) seed value specific to your application in [/var/www/cake/cake/libs/debugger.php, line 678]
2010-04-11 19:17:01 Notice: Notice (8): Undefined variable: pois in [/var/www/maties/app/views/poi/index.ctp, line 9]
2010-04-11 19:18:43 Notice: Notice (8): Undefined variable: post in [/var/www/maties/app/views/poi/index.ctp, line 11]
2010-04-11 19:18:43 Notice: Notice (8): Undefined variable: post in [/var/www/maties/app/views/poi/index.ctp, line 12]
2010-04-12 13:56:14 Notice: Notice (8): Undefined variable: poi in [/var/www/maties/app/views/poi/editar.ctp, line 27]
2010-04-12 13:56:14 Notice: Notice (8): Undefined variable: poi in [/var/www/maties/app/views/poi/editar.ctp, line 28]
2010-04-12 13:56:20 Notice: Notice (8): Undefined variable: poi in [/var/www/maties/app/views/poi/editar.ctp, line 27]
2010-04-12 13:56:20 Notice: Notice (8): Undefined variable: poi in [/var/www/maties/app/views/poi/editar.ctp, line 28]
2010-04-12 14:00:45 Notice: Notice (8): Undefined variable: poi in [/var/www/maties/app/views/poi/editar.ctp, line 28]
2010-04-12 14:00:45 Notice: Notice (8): Undefined variable: poi in [/var/www/maties/app/views/poi/editar.ctp, line 29]
2010-04-12 14:00:46 Notice: Notice (8): Undefined variable: poi in [/var/www/maties/app/views/poi/editar.ctp, line 28]
2010-04-12 14:00:46 Notice: Notice (8): Undefined variable: poi in [/var/www/maties/app/views/poi/editar.ctp, line 29]
2010-04-12 14:00:46 Notice: Notice (8): Undefined variable: poi in [/var/www/maties/app/views/poi/editar.ctp, line 28]
2010-04-12 14:00:46 Notice: Notice (8): Undefined variable: poi in [/var/www/maties/app/views/poi/editar.ctp, line 29]
2010-04-12 14:00:47 Notice: Notice (8): Undefined variable: poi in [/var/www/maties/app/views/poi/editar.ctp, line 28]
2010-04-12 14:00:47 Notice: Notice (8): Undefined variable: poi in [/var/www/maties/app/views/poi/editar.ctp, line 29]
2010-04-12 14:05:17 Notice: Notice (8): Trying to get property of non-object in [/var/www/maties/app/views/poi/editar.ctp, line 3]
2010-04-12 14:05:17 Notice: Notice (8): Undefined variable: poi in [/var/www/maties/app/views/poi/editar.ctp, line 28]
2010-04-12 14:05:17 Notice: Notice (8): Undefined variable: poi in [/var/www/maties/app/views/poi/editar.ctp, line 29]
2010-04-12 14:05:36 Notice: Notice (8): Undefined variable: poi in [/var/www/maties/app/views/poi/editar.ctp, line 28]
2010-04-12 14:05:36 Notice: Notice (8): Undefined variable: poi in [/var/www/maties/app/views/poi/editar.ctp, line 29]
2010-04-12 14:06:02 Notice: Notice (8): Undefined variable: poi in [/var/www/maties/app/views/poi/editar.ctp, line 28]
2010-04-12 14:06:02 Notice: Notice (8): Undefined variable: poi in [/var/www/maties/app/views/poi/editar.ctp, line 29]
2010-04-12 14:06:48 Notice: Notice (8): Undefined variable: poi in [/var/www/maties/app/views/poi/editar.ctp, line 28]
2010-04-12 14:06:48 Notice: Notice (8): Undefined variable: poi in [/var/www/maties/app/views/poi/editar.ctp, line 29]
2010-04-12 14:25:19 Notice: Notice (8): Undefined property: PoiController::$Session in [/var/www/maties/app/controllers/poi_controller.php, line 24]
2010-04-12 14:32:36 Notice: Notice (8): Undefined index:  lat in [/var/www/maties/app/views/poi/editar.ctp, line 33]
2010-04-12 14:32:36 Notice: Notice (8): Undefined index:  lon in [/var/www/maties/app/views/poi/editar.ctp, line 33]
2010-04-12 14:32:36 Notice: Notice (8): Undefined index:  lat in [/var/www/maties/app/views/poi/editar.ctp, line 34]
2010-04-12 14:32:36 Notice: Notice (8): Undefined index:  lon in [/var/www/maties/app/views/poi/editar.ctp, line 34]
2010-04-12 14:33:57 Notice: Notice (8): Undefined index:  lat in [/var/www/maties/app/views/poi/editar.ctp, line 33]
2010-04-12 14:33:57 Notice: Notice (8): Undefined index:  lon in [/var/www/maties/app/views/poi/editar.ctp, line 33]
2010-04-12 14:33:57 Notice: Notice (8): Undefined index:  lat in [/var/www/maties/app/views/poi/editar.ctp, line 34]
2010-04-12 14:33:57 Notice: Notice (8): Undefined index:  lon in [/var/www/maties/app/views/poi/editar.ctp, line 34]
2010-04-12 17:00:56 Notice: Notice (8): Undefined index:  lat in [/var/www/maties/app/views/poi/editar.ctp, line 33]
2010-04-12 17:00:56 Notice: Notice (8): Undefined index:  lon in [/var/www/maties/app/views/poi/editar.ctp, line 33]
2010-04-12 17:00:56 Notice: Notice (8): Undefined index:  lat in [/var/www/maties/app/views/poi/editar.ctp, line 34]
2010-04-12 17:00:56 Notice: Notice (8): Undefined index:  lon in [/var/www/maties/app/views/poi/editar.ctp, line 34]
2010-04-12 17:43:45 Notice: Notice (8): Undefined variable: gigya in [/var/www/maties/app/controllers/users_controller.php, line 20]
2010-04-12 17:51:36 Notice: Notice (8): Undefined variable: usuario in [/var/www/maties/app/views/layouts/default.ctp, line 18]
2010-04-12 17:53:58 Notice: Notice (8): Undefined variable: usuario in [/var/www/maties/app/views/layouts/default.ctp, line 18]
2010-04-12 17:55:05 Notice: Notice (8): Undefined variable: usuario in [/var/www/maties/app/views/layouts/default.ctp, line 18]
2010-04-12 17:56:46 Notice: Notice (8): Undefined variable: usuario in [/var/www/maties/app/views/layouts/default.ctp, line 18]
2010-04-12 17:57:41 Notice: Notice (8): Undefined variable: usuario in [/var/www/maties/app/views/layouts/default.ctp, line 18]
2010-04-12 17:58:38 Notice: Notice (8): Undefined variable: usuario in [/var/www/maties/app/views/layouts/default.ctp, line 18]
2010-04-12 18:36:34 Notice: Notice (8): Undefined variable: usuario in [/var/www/maties/app/views/layouts/default.ctp, line 18]
2010-04-12 18:43:44 Notice: Notice (8): Undefined variable: usuario in [/var/www/maties/app/views/layouts/default.ctp, line 18]
2010-04-12 18:43:52 Notice: Notice (8): Undefined variable: usuario in [/var/www/maties/app/views/layouts/default.ctp, line 18]
2010-04-12 19:10:34 Notice: Notice (8): Undefined variable: usuario in [/var/www/maties/app/views/layouts/default.ctp, line 18]
2010-04-12 19:45:03 Notice: Notice (8): Undefined variable: usuario in [/var/www/maties/app/views/layouts/default.ctp, line 18]
2010-04-12 21:43:11 Notice: Notice (8): Undefined variable: usuario in [/var/www/maties/app/views/layouts/default.ctp, line 18]
2010-04-12 22:20:19 Notice: Notice (8): Undefined variable: usuario in [/var/www/maties/app/views/layouts/default.ctp, line 18]
2010-04-12 22:33:57 Notice: Notice (8): Undefined variable: usuario in [/var/www/maties/app/views/layouts/default.ctp, line 18]
2010-04-12 23:04:51 Notice: Notice (8): Undefined variable: usuario in [/var/www/maties/app/views/layouts/default.ctp, line 18]
2010-04-12 23:42:02 Notice: Notice (8): Undefined variable: usuario in [/var/www/maties/app/views/layouts/default.ctp, line 18]
2010-04-12 23:43:23 Notice: Notice (8): Undefined variable: usuario in [/var/www/maties/app/views/layouts/default.ctp, line 18]
2010-04-13 00:09:56 Notice: Notice (8): Undefined variable: usuario in [/var/www/maties/app/views/layouts/default.ctp, line 18]
2010-04-13 01:40:59 Notice: Notice (8): Undefined variable: usuario in [/var/www/maties/app/views/layouts/default.ctp, line 18]
2010-04-13 01:41:45 Notice: Notice (8): Undefined variable: usuario in [/var/www/maties/app/views/layouts/default.ctp, line 18]
2010-04-13 01:42:44 Notice: Notice (8): Undefined variable: usuario in [/var/www/maties/app/views/layouts/default.ctp, line 18]
2010-04-13 01:44:54 Notice: Notice (8): Undefined variable: usuario in [/var/www/maties/app/views/layouts/default.ctp, line 18]
2010-04-13 03:21:53 Notice: Notice (8): Undefined variable: usuario in [/var/www/maties/app/views/layouts/default.ctp, line 18]
2010-04-13 03:22:31 Notice: Notice (8): Undefined variable: usuario in [/var/www/maties/app/views/layouts/default.ctp, line 18]
2010-04-13 03:45:50 Notice: Notice (8): Undefined variable: usuario in [/var/www/maties/app/views/layouts/default.ctp, line 18]
2010-04-13 03:49:29 Notice: Notice (8): Undefined variable: usuario in [/var/www/maties/app/views/layouts/default.ctp, line 18]
2010-04-13 04:45:07 Notice: Notice (8): Undefined variable: usuario in [/var/www/maties/app/views/layouts/default.ctp, line 18]
2010-04-13 05:54:20 Notice: Notice (8): Undefined variable: usuario in [/var/www/maties/app/views/layouts/default.ctp, line 18]
2010-04-13 05:56:43 Notice: Notice (8): Undefined variable: usuario in [/var/www/maties/app/views/layouts/default.ctp, line 18]
2010-04-13 06:22:13 Notice: Notice (8): Undefined variable: usuario in [/var/www/maties/app/views/layouts/default.ctp, line 18]
2010-04-13 06:22:13 Notice: Notice (8): Undefined variable: usuario in [/var/www/maties/app/views/layouts/default.ctp, line 18]
2010-04-13 07:17:00 Notice: Notice (8): Undefined variable: usuario in [/var/www/maties/app/views/layouts/default.ctp, line 18]
2010-04-13 08:14:19 Notice: Notice (8): Undefined variable: usuario in [/var/www/maties/app/views/layouts/default.ctp, line 18]
2010-04-13 09:00:07 Notice: Notice (8): Undefined variable: usuario in [/var/www/maties/app/views/layouts/default.ctp, line 18]
2010-04-13 09:01:05 Notice: Notice (8): Undefined variable: usuario in [/var/www/maties/app/views/layouts/default.ctp, line 18]
2010-04-13 10:21:57 Notice: Notice (8): Undefined variable: usuario in [/var/www/maties/app/views/layouts/default.ctp, line 18]
2010-04-13 10:30:56 Notice: Notice (8): Undefined variable: usuario in [/var/www/maties/app/views/layouts/default.ctp, line 18]
2010-04-13 10:39:51 Notice: Notice (8): Undefined variable: usuario in [/var/www/maties/app/views/layouts/default.ctp, line 18]
2010-04-13 12:48:03 Notice: Notice (8): Undefined variable: usuario in [/var/www/maties/app/views/layouts/default.ctp, line 18]
2010-04-13 14:04:21 Notice: Notice (8): Undefined variable: usuario in [/var/www/maties/app/views/layouts/default.ctp, line 18]
2010-04-13 14:39:02 Notice: Notice (8): Undefined variable: usuario in [/var/www/maties/app/views/layouts/default.ctp, line 18]
2010-04-13 15:19:12 Notice: Notice (8): Undefined variable: usuario in [/var/www/maties/app/views/layouts/default.ctp, line 18]
2010-04-13 16:56:28 Notice: Notice (8): Undefined variable: usuario in [/var/www/maties/app/views/layouts/default.ctp, line 18]
2010-04-13 16:57:51 Notice: Notice (8): Undefined variable: usuario in [/var/www/maties/app/views/layouts/default.ctp, line 18]
2010-04-13 17:03:26 Notice: Notice (8): Undefined variable: usuario in [/var/www/maties/app/views/layouts/default.ctp, line 18]
2010-04-13 17:04:17 Notice: Notice (8): Trying to get property of non-object in [/var/www/maties/app/views/poi/editar.ctp, line 22]
2010-04-13 17:04:18 Notice: Notice (8): Undefined variable: usuario in [/var/www/maties/app/views/layouts/default.ctp, line 18]
2010-04-13 17:04:48 Notice: Notice (8): Undefined variable: usuario in [/var/www/maties/app/views/layouts/default.ctp, line 18]
2010-04-13 17:04:56 Notice: Notice (8): Undefined variable: usuario in [/var/www/maties/app/views/layouts/default.ctp, line 18]
2010-04-13 17:06:12 Notice: Notice (8): Undefined variable: usuario in [/var/www/maties/app/views/layouts/default.ctp, line 18]
2010-04-13 17:06:19 Notice: Notice (8): Undefined variable: usuario in [/var/www/maties/app/views/layouts/default.ctp, line 18]
2010-04-13 17:10:54 Notice: Notice (8): Undefined variable: usuario in [/var/www/maties/app/views/layouts/default.ctp, line 18]
2010-04-13 17:11:02 Notice: Notice (8): Undefined variable: usuario in [/var/www/maties/app/views/layouts/default.ctp, line 18]
2010-04-13 17:11:32 Notice: Notice (8): Undefined variable: usuario in [/var/www/maties/app/views/layouts/default.ctp, line 18]
2010-04-13 17:12:31 Notice: Notice (8): Undefined variable: usuario in [/var/www/maties/app/views/layouts/default.ctp, line 18]
2010-04-13 17:15:46 Notice: Notice (8): Undefined variable: usuario in [/var/www/maties/app/views/layouts/default.ctp, line 18]
2010-04-13 17:16:48 Notice: Notice (8): Undefined variable: usuario in [/var/www/maties/app/views/layouts/default.ctp, line 18]
2010-04-13 17:17:17 Notice: Notice (8): Undefined variable: usuario in [/var/www/maties/app/views/layouts/default.ctp, line 18]
2010-04-13 17:21:16 Notice: Notice (8): Undefined variable: usuario in [/var/www/maties/app/views/layouts/default.ctp, line 18]
2010-04-13 17:37:53 Notice: Notice (8): Undefined variable: usuario in [/var/www/maties/app/views/layouts/default.ctp, line 18]
2010-04-13 18:00:27 Notice: Notice (8): Undefined property: PoiController::$Session in [/var/www/maties/app/plugins/debug_kit/controllers/components/toolbar.php, line 108]
2010-04-13 18:34:16 Notice: Notice (8): Undefined variable: usuario in [/var/www/maties/app/views/layouts/default.ctp, line 18]
2010-04-13 18:37:17 Notice: Notice (8): Undefined variable: id in [/var/www/maties/app/views/poi/editar.ctp, line 33]
2010-04-13 19:23:25 Notice: Notice (8): Undefined variable: usuario in [/var/www/maties/app/views/layouts/default.ctp, line 18]
2010-04-13 19:43:56 Notice: Notice (8): Undefined variable: usuario in [/var/www/maties/app/views/layouts/default.ctp, line 18]
2010-04-13 20:17:46 Notice: Notice (8): Undefined variable: usuario in [/var/www/maties/app/views/layouts/default.ctp, line 18]
2010-04-13 21:12:11 Notice: Notice (8): Undefined variable: usuario in [/var/www/maties/app/views/layouts/default.ctp, line 18]
2010-04-13 21:23:42 Notice: Notice (8): Undefined variable: usuario in [/var/www/maties/app/views/layouts/default.ctp, line 18]
2010-04-13 22:08:46 Notice: Notice (8): Undefined variable: usuario in [/var/www/maties/app/views/layouts/default.ctp, line 18]
2010-04-13 23:00:11 Notice: Notice (8): Undefined variable: usuario in [/var/www/maties/app/views/layouts/default.ctp, line 18]
2010-04-14 00:01:16 Notice: Notice (8): Undefined variable: usuario in [/var/www/maties/app/views/layouts/default.ctp, line 18]
2010-04-14 00:58:57 Notice: Notice (8): Undefined variable: usuario in [/var/www/maties/app/views/layouts/default.ctp, line 18]
2010-04-14 01:38:42 Notice: Notice (8): Undefined variable: usuario in [/var/www/maties/app/views/layouts/default.ctp, line 18]
2010-04-14 01:38:42 Notice: Notice (8): Undefined variable: usuario in [/var/www/maties/app/views/layouts/default.ctp, line 18]
2010-04-14 01:47:06 Notice: Notice (8): Undefined variable: usuario in [/var/www/maties/app/views/layouts/default.ctp, line 18]
2010-04-14 01:47:07 Notice: Notice (8): Undefined variable: usuario in [/var/www/maties/app/views/layouts/default.ctp, line 18]
2010-04-14 01:47:08 Notice: Notice (8): Undefined variable: usuario in [/var/www/maties/app/views/layouts/default.ctp, line 18]
2010-04-14 01:51:34 Notice: Notice (8): Undefined variable: usuario in [/var/www/maties/app/views/layouts/default.ctp, line 18]
2010-04-14 02:01:57 Notice: Notice (8): Undefined variable: usuario in [/var/www/maties/app/views/layouts/default.ctp, line 18]
2010-04-14 02:32:26 Notice: Notice (8): Undefined variable: usuario in [/var/www/maties/app/views/layouts/default.ctp, line 18]
2010-04-14 02:54:40 Notice: Notice (8): Undefined variable: usuario in [/var/www/maties/app/views/layouts/default.ctp, line 18]
2010-04-14 03:47:26 Notice: Notice (8): Undefined variable: usuario in [/var/www/maties/app/views/layouts/default.ctp, line 18]
2010-04-14 04:44:13 Notice: Notice (8): Undefined variable: usuario in [/var/www/maties/app/views/layouts/default.ctp, line 18]
2010-04-14 05:04:55 Notice: Notice (8): Undefined variable: usuario in [/var/www/maties/app/views/layouts/default.ctp, line 18]
2010-04-14 05:56:05 Notice: Notice (8): Undefined variable: usuario in [/var/www/maties/app/views/layouts/default.ctp, line 18]
2010-04-14 07:28:30 Notice: Notice (8): Undefined variable: usuario in [/var/www/maties/app/views/layouts/default.ctp, line 18]
2010-04-14 07:47:56 Notice: Notice (8): Undefined variable: usuario in [/var/www/maties/app/views/layouts/default.ctp, line 18]
2010-04-14 09:43:32 Notice: Notice (8): Undefined variable: usuario in [/var/www/maties/app/views/layouts/default.ctp, line 18]
2010-04-14 10:54:27 Notice: Notice (8): Undefined variable: usuario in [/var/www/maties/app/views/layouts/default.ctp, line 18]
2010-04-14 11:10:25 Notice: Notice (8): Undefined variable: usuario in [/var/www/maties/app/views/layouts/default.ctp, line 18]
2010-04-14 12:22:48 Notice: Notice (8): Undefined variable: usuario in [/var/www/maties/app/views/layouts/default.ctp, line 18]
2010-04-14 14:14:13 Notice: Notice (8): Undefined variable: usuario in [/var/www/maties/app/views/layouts/default.ctp, line 18]
2010-04-14 14:26:03 Notice: Notice (8): Undefined variable: usuario in [/var/www/maties/app/views/layouts/default.ctp, line 18]
2010-04-14 15:39:41 Notice: Notice (8): Undefined variable: usuario in [/var/www/maties/app/views/layouts/default.ctp, line 18]
2010-04-14 15:39:43 Notice: Notice (8): Undefined variable: usuario in [/var/www/maties/app/views/layouts/default.ctp, line 18]
2010-04-14 16:25:14 Notice: Notice (8): Undefined variable: usuario in [/var/www/maties/app/views/layouts/default.ctp, line 18]
2010-04-14 17:16:57 Notice: Notice (8): Undefined variable: usuario in [/var/www/maties/app/views/layouts/default.ctp, line 18]
2010-04-14 18:28:43 Notice: Notice (8): Undefined variable: usuario in [/var/www/maties/app/views/layouts/default.ctp, line 18]
2010-04-14 18:50:37 Notice: Notice (8): Undefined variable: usuario in [/var/www/maties/app/views/layouts/default.ctp, line 18]
2010-04-14 20:22:08 Notice: Notice (8): Undefined variable: usuario in [/var/www/maties/app/views/layouts/default.ctp, line 18]
2010-04-14 21:19:15 Notice: Notice (8): Undefined variable: usuario in [/var/www/maties/app/views/layouts/default.ctp, line 18]
2010-04-14 21:51:12 Notice: Notice (8): Undefined variable: usuario in [/var/www/maties/app/views/layouts/default.ctp, line 18]
2010-04-14 21:51:35 Notice: Notice (8): Undefined variable: usuario in [/var/www/maties/app/views/layouts/default.ctp, line 18]
2010-04-14 21:51:35 Notice: Notice (8): Undefined variable: usuario in [/var/www/maties/app/views/layouts/default.ctp, line 18]
2010-04-14 21:51:36 Notice: Notice (8): Undefined variable: usuario in [/var/www/maties/app/views/layouts/default.ctp, line 18]
2010-04-14 21:52:34 Notice: Notice (8): Undefined variable: usuario in [/var/www/maties/app/views/layouts/default.ctp, line 18]
2010-04-14 21:58:21 Notice: Notice (8): Undefined variable: usuario in [/var/www/maties/app/views/layouts/default.ctp, line 18]
2010-04-14 22:37:02 Notice: Notice (8): Undefined variable: usuario in [/var/www/maties/app/views/layouts/default.ctp, line 18]
2010-04-14 23:22:30 Notice: Notice (8): Undefined variable: usuario in [/var/www/maties/app/views/layouts/default.ctp, line 18]
2010-04-15 03:51:19 Notice: Notice (8): Undefined variable: usuario in [/var/www/maties/app/views/layouts/default.ctp, line 18]
2010-04-15 04:50:06 Notice: Notice (8): Undefined variable: usuario in [/var/www/maties/app/views/layouts/default.ctp, line 18]
2010-04-15 05:27:52 Notice: Notice (8): Undefined variable: usuario in [/var/www/maties/app/views/layouts/default.ctp, line 18]
2010-04-15 05:28:10 Notice: Notice (8): Undefined variable: usuario in [/var/www/maties/app/views/layouts/default.ctp, line 18]
2010-04-15 06:02:23 Notice: Notice (8): Undefined variable: usuario in [/var/www/maties/app/views/layouts/default.ctp, line 18]
2010-04-15 07:04:28 Notice: Notice (8): Undefined variable: usuario in [/var/www/maties/app/views/layouts/default.ctp, line 18]
2010-04-15 08:17:35 Notice: Notice (8): Undefined variable: usuario in [/var/www/maties/app/views/layouts/default.ctp, line 18]
2010-04-15 08:17:35 Notice: Notice (8): Undefined variable: usuario in [/var/www/maties/app/views/layouts/default.ctp, line 18]
2010-04-15 09:47:09 Notice: Notice (8): Undefined variable: usuario in [/var/www/maties/app/views/layouts/default.ctp, line 18]
2010-04-15 10:38:57 Notice: Notice (8): Undefined variable: layout in [/var/www/maties/app/views/layouts/default.ctp, line 8]
2010-04-15 10:39:29 Notice: Notice (8): Undefined variable: usuario in [/var/www/maties/app/views/layouts/default.ctp, line 33]
2010-04-15 10:40:18 Notice: Notice (8): Undefined variable: usuario in [/var/www/maties/app/views/layouts/default.ctp, line 33]
2010-04-15 10:40:49 Notice: Notice (8): Undefined variable: usuario in [/var/www/maties/app/views/layouts/default.ctp, line 33]
2010-04-15 10:40:59 Notice: Notice (8): Undefined variable: usuario in [/var/www/maties/app/views/layouts/default.ctp, line 33]
2010-04-15 10:41:03 Notice: Notice (8): Undefined variable: usuario in [/var/www/maties/app/views/layouts/default.ctp, line 33]
2010-04-15 10:41:03 Notice: Notice (8): Undefined variable: usuario in [/var/www/maties/app/views/layouts/default.ctp, line 33]
2010-04-15 10:41:03 Notice: Notice (8): Undefined variable: usuario in [/var/www/maties/app/views/layouts/default.ctp, line 33]
2010-04-15 11:01:23 Notice: Notice (8): Undefined variable: usuario in [/var/www/maties/app/views/layouts/default.ctp, line 33]
2010-04-15 11:01:24 Notice: Notice (8): Undefined variable: usuario in [/var/www/maties/app/views/layouts/default.ctp, line 33]
2010-04-15 11:01:24 Notice: Notice (8): Undefined variable: usuario in [/var/www/maties/app/views/layouts/default.ctp, line 33]
2010-04-15 11:01:27 Notice: Notice (8): Undefined variable: usuario in [/var/www/maties/app/views/layouts/default.ctp, line 33]
2010-04-15 11:01:30 Notice: Notice (8): Undefined variable: usuario in [/var/www/maties/app/views/layouts/default.ctp, line 33]
2010-04-15 11:01:30 Notice: Notice (8): Undefined variable: usuario in [/var/www/maties/app/views/layouts/default.ctp, line 33]
2010-04-15 11:01:30 Notice: Notice (8): Undefined variable: usuario in [/var/www/maties/app/views/layouts/default.ctp, line 33]
2010-04-15 11:01:33 Notice: Notice (8): Undefined variable: usuario in [/var/www/maties/app/views/layouts/default.ctp, line 33]
2010-04-15 11:01:33 Notice: Notice (8): Undefined variable: usuario in [/var/www/maties/app/views/layouts/default.ctp, line 33]
2010-04-15 11:01:34 Notice: Notice (8): Undefined variable: usuario in [/var/www/maties/app/views/layouts/default.ctp, line 33]
2010-04-15 11:01:38 Notice: Notice (8): Undefined variable: usuario in [/var/www/maties/app/views/layouts/default.ctp, line 33]
2010-04-15 11:01:38 Notice: Notice (8): Undefined variable: usuario in [/var/www/maties/app/views/layouts/default.ctp, line 33]
2010-04-15 11:01:38 Notice: Notice (8): Undefined variable: usuario in [/var/www/maties/app/views/layouts/default.ctp, line 33]
2010-04-15 11:01:53 Notice: Notice (8): Undefined property: PoiController::$Session in [/var/www/maties/app/controllers/poi_controller.php, line 20]
2010-04-15 11:07:43 Notice: Notice (8): Undefined property: PoiController::$Session in [/var/www/maties/app/controllers/poi_controller.php, line 20]
2010-04-15 11:10:01 Notice: Notice (8): Undefined variable: javascript in [/var/www/maties/app/views/layouts/default.ctp, line 7]
2010-04-15 11:10:32 Notice: Notice (8): Undefined variable: javascript in [/var/www/maties/app/views/layouts/default.ctp, line 7]
2010-04-15 11:11:17 Notice: Notice (8): Undefined variable: usuario in [/var/www/maties/app/views/layouts/default.ctp, line 33]
2010-04-15 11:11:23 Notice: Notice (8): Undefined variable: usuario in [/var/www/maties/app/views/layouts/default.ctp, line 33]
2010-04-15 11:11:23 Notice: Notice (8): Undefined variable: usuario in [/var/www/maties/app/views/layouts/default.ctp, line 33]
2010-04-15 11:11:23 Notice: Notice (8): Undefined variable: usuario in [/var/www/maties/app/views/layouts/default.ctp, line 33]
2010-04-15 11:11:28 Notice: Notice (8): Undefined variable: usuario in [/var/www/maties/app/views/layouts/default.ctp, line 33]
2010-04-15 11:14:42 Notice: Notice (8): Undefined variable: usuario in [/var/www/maties/app/views/layouts/default.ctp, line 33]
2010-04-15 11:16:37 Notice: Notice (8): Undefined variable: usuario in [/var/www/maties/app/views/layouts/default.ctp, line 33]
2010-04-15 11:17:08 Notice: Notice (8): Undefined variable: usuario in [/var/www/maties/app/views/layouts/default.ctp, line 33]
2010-04-15 11:17:08 Notice: Notice (8): Undefined variable: usuario in [/var/www/maties/app/views/layouts/default.ctp, line 33]
2010-04-15 11:17:08 Notice: Notice (8): Undefined variable: usuario in [/var/www/maties/app/views/layouts/default.ctp, line 33]
2010-04-15 11:17:54 Notice: Notice (8): Undefined variable: usuario in [/var/www/maties/app/views/layouts/default.ctp, line 33]
2010-04-15 11:17:59 Notice: Notice (8): Undefined variable: usuario in [/var/www/maties/app/views/layouts/default.ctp, line 33]
2010-04-15 11:17:59 Notice: Notice (8): Undefined variable: usuario in [/var/www/maties/app/views/layouts/default.ctp, line 33]
2010-04-15 11:17:59 Notice: Notice (8): Undefined variable: usuario in [/var/www/maties/app/views/layouts/default.ctp, line 33]
2010-04-15 11:20:33 Notice: Notice (8): Undefined variable: usuario in [/var/www/maties/app/views/layouts/default.ctp, line 33]
2010-04-15 11:20:34 Notice: Notice (8): Undefined variable: usuario in [/var/www/maties/app/views/layouts/default.ctp, line 33]
2010-04-15 11:20:34 Notice: Notice (8): Undefined variable: usuario in [/var/www/maties/app/views/layouts/default.ctp, line 33]
2010-04-15 11:36:09 Notice: Notice (8): Undefined variable: usuario in [/var/www/maties/app/views/layouts/default.ctp, line 31]
2010-04-15 11:41:00 Notice: Notice (8): Undefined variable: usuario in [/var/www/maties/app/views/layouts/default.ctp, line 31]
2010-04-15 11:41:03 Notice: Notice (8): Undefined variable: usuario in [/var/www/maties/app/views/layouts/default.ctp, line 31]
2010-04-15 11:41:03 Notice: Notice (8): Undefined variable: usuario in [/var/www/maties/app/views/layouts/default.ctp, line 31]
2010-04-15 11:41:03 Notice: Notice (8): Undefined variable: usuario in [/var/www/maties/app/views/layouts/default.ctp, line 31]
2010-04-15 11:44:39 Notice: Notice (8): Undefined variable: usuario in [/var/www/maties/app/views/layouts/default.ctp, line 31]
2010-04-15 11:44:39 Notice: Notice (8): Undefined variable: usuario in [/var/www/maties/app/views/layouts/default.ctp, line 31]
2010-04-15 11:44:39 Notice: Notice (8): Undefined variable: usuario in [/var/www/maties/app/views/layouts/default.ctp, line 31]
2010-04-15 11:44:40 Notice: Notice (8): Undefined variable: usuario in [/var/www/maties/app/views/layouts/default.ctp, line 31]
2010-04-15 12:02:32 Notice: Notice (8): Undefined variable: usuario in [/var/www/maties/app/views/layouts/default.ctp, line 31]
2010-04-15 12:53:49 Notice: Notice (8): Undefined variable: usuario in [/var/www/maties/app/views/layouts/default.ctp, line 31]
2010-04-15 13:14:53 Notice: Notice (8): Undefined variable: meta in [/var/www/maties/app/views/poi/editar.ctp, line 38]
2010-04-15 13:19:05 Notice: Notice (8): Undefined variable: meta in [/var/www/maties/app/views/poi/editar.ctp, line 38]
2010-04-15 13:19:31 Notice: Notice (8): Undefined variable: meta in [/var/www/maties/app/views/poi/editar.ctp, line 38]
2010-04-15 13:19:33 Notice: Notice (8): Undefined variable: meta in [/var/www/maties/app/views/poi/editar.ctp, line 38]
2010-04-15 13:34:04 Notice: Notice (8): Undefined variable: usuario in [/var/www/maties/app/views/layouts/default.ctp, line 31]
2010-04-15 13:36:07 Notice: Notice (8): Undefined variable: usuario in [/var/www/maties/app/views/layouts/default.ctp, line 31]
2010-04-15 14:02:54 Notice: Notice (8): Undefined variable: usuario in [/var/www/maties/app/views/layouts/default.ctp, line 31]
2010-04-15 14:13:06 Notice: Notice (8): Undefined variable: accion in [/var/www/maties/app/views/poi/editar.ctp, line 38]
2010-04-15 14:19:28 Notice: Notice (8): Undefined variable: accion in [/var/www/maties/app/views/poi/editar.ctp, line 38]
2010-04-15 14:20:23 Notice: Notice (8): Undefined variable: action in [/var/www/maties/app/views/poi/editar.ctp, line 38]
2010-04-15 14:26:26 Notice: Notice (8): Undefined property: PoiController::$Setting in [/var/www/maties/app/app_controller.php, line 21]
2010-04-15 14:27:00 Notice: Notice (8): Undefined variable: action in [/var/www/maties/app/views/poi/editar.ctp, line 38]
2010-04-15 14:32:47 Notice: Notice (8): Undefined variable: action in [/var/www/maties/app/views/poi/editar.ctp, line 38]
2010-04-15 15:00:09 Notice: Notice (8): Undefined variable: usuario in [/var/www/maties/app/views/layouts/default.ctp, line 31]
2010-04-15 15:49:59 Notice: Notice (8): Undefined variable: action in [/var/www/maties/app/views/poi/editar.ctp, line 38]
2010-04-15 15:52:17 Notice: Notice (8): Undefined variable: action in [/var/www/maties/app/views/poi/editar.ctp, line 38]
2010-04-15 15:54:28 Notice: Notice (8): Undefined variable: action in [/var/www/maties/app/views/poi/editar.ctp, line 38]
2010-04-15 15:54:30 Notice: Notice (8): Undefined variable: action in [/var/www/maties/app/views/poi/editar.ctp, line 38]
2010-04-15 15:59:45 Notice: Notice (8): Undefined variable: action in [/var/www/maties/app/views/poi/editar.ctp, line 38]
2010-04-15 16:01:28 Notice: Notice (8): Undefined variable: action in [/var/www/maties/app/views/poi/editar.ctp, line 38]
2010-04-15 16:01:59 Notice: Notice (8): Undefined variable: action in [/var/www/maties/app/views/poi/editar.ctp, line 38]
2010-04-15 16:02:09 Notice: Notice (8): Undefined variable: action in [/var/www/maties/app/views/poi/editar.ctp, line 38]
2010-04-15 16:09:43 Notice: Notice (8): Undefined variable: action in [/var/www/maties/app/views/poi/editar.ctp, line 38]
2010-04-15 16:10:52 Notice: Notice (8): Undefined variable: action in [/var/www/maties/app/views/poi/editar.ctp, line 38]
2010-04-15 16:10:53 Notice: Notice (8): Undefined variable: action in [/var/www/maties/app/views/poi/editar.ctp, line 38]
2010-04-15 16:11:07 Notice: Notice (8): Undefined variable: action in [/var/www/maties/app/views/poi/add_action.ctp, line 3]
2010-04-15 16:14:32 Notice: Notice (8): Undefined variable: action in [/var/www/maties/app/views/poi/editar.ctp, line 38]
2010-04-15 16:17:08 Notice: Notice (8): Undefined variable: action in [/var/www/maties/app/views/poi/editar.ctp, line 38]
2010-04-15 16:38:12 Notice: Notice (8): Undefined variable: action in [/var/www/maties/app/views/poi/add_action.ctp, line 3]
2010-04-15 17:00:11 Notice: Notice (8): Undefined variable: usuario in [/var/www/maties/app/views/layouts/default.ctp, line 31]
2010-04-15 17:42:00 Notice: Notice (8): Undefined variable: usuario in [/var/www/maties/app/views/layouts/default.ctp, line 31]
2010-04-15 17:47:09 Notice: Notice (8): Undefined variable: usuario in [/var/www/maties/app/views/layouts/default.ctp, line 31]
2010-04-15 18:28:49 Notice: Notice (8): Undefined variable: usuario in [/var/www/maties/app/views/layouts/default.ctp, line 30]
2010-04-15 18:28:54 Notice: Notice (8): Undefined variable: usuario in [/var/www/maties/app/views/layouts/default.ctp, line 30]
2010-04-15 18:28:59 Notice: Notice (8): Undefined variable: usuario in [/var/www/maties/app/views/layouts/default.ctp, line 30]
2010-04-15 18:29:00 Notice: Notice (8): Undefined variable: usuario in [/var/www/maties/app/views/layouts/default.ctp, line 30]
2010-04-15 18:29:00 Notice: Notice (8): Undefined variable: usuario in [/var/www/maties/app/views/layouts/default.ctp, line 30]
2010-04-15 18:29:01 Notice: Notice (8): Undefined variable: usuario in [/var/www/maties/app/views/layouts/default.ctp, line 30]
2010-04-15 18:29:02 Notice: Notice (8): Undefined variable: usuario in [/var/www/maties/app/views/layouts/default.ctp, line 30]
2010-04-15 18:29:02 Notice: Notice (8): Undefined variable: usuario in [/var/www/maties/app/views/layouts/default.ctp, line 30]
2010-04-15 18:29:03 Notice: Notice (8): Undefined variable: usuario in [/var/www/maties/app/views/layouts/default.ctp, line 30]
2010-04-15 18:29:03 Notice: Notice (8): Undefined variable: usuario in [/var/www/maties/app/views/layouts/default.ctp, line 30]
2010-04-15 18:29:03 Notice: Notice (8): Undefined variable: usuario in [/var/www/maties/app/views/layouts/default.ctp, line 30]
2010-04-15 18:38:14 Notice: Notice (8): Undefined variable: usuario in [/var/www/maties/app/views/layouts/default.ctp, line 30]
2010-04-15 18:38:17 Notice: Notice (8): Undefined variable: usuario in [/var/www/maties/app/views/layouts/default.ctp, line 30]
2010-04-15 18:38:26 Notice: Notice (8): Undefined variable: usuario in [/var/www/maties/app/views/layouts/default.ctp, line 30]
2010-04-15 18:44:31 Notice: Notice (8): Undefined property: PoiController::$Node in [/var/www/maties/app/controllers/poi_controller.php, line 40]
2010-04-15 18:44:31 Notice: Notice (8): Trying to get property of non-object in [/var/www/maties/app/controllers/poi_controller.php, line 40]
2010-04-15 18:44:33 Notice: Notice (8): Undefined property: PoiController::$Node in [/var/www/maties/app/controllers/poi_controller.php, line 40]
2010-04-15 18:44:33 Notice: Notice (8): Trying to get property of non-object in [/var/www/maties/app/controllers/poi_controller.php, line 40]
2010-04-15 18:44:35 Notice: Notice (8): Undefined property: PoiController::$Node in [/var/www/maties/app/controllers/poi_controller.php, line 40]
2010-04-15 18:44:35 Notice: Notice (8): Trying to get property of non-object in [/var/www/maties/app/controllers/poi_controller.php, line 40]
2010-04-15 18:44:35 Notice: Notice (8): Undefined property: PoiController::$Node in [/var/www/maties/app/controllers/poi_controller.php, line 40]
2010-04-15 18:44:35 Notice: Notice (8): Trying to get property of non-object in [/var/www/maties/app/controllers/poi_controller.php, line 40]
2010-04-15 18:44:36 Notice: Notice (8): Undefined property: PoiController::$Node in [/var/www/maties/app/controllers/poi_controller.php, line 40]
2010-04-15 18:44:36 Notice: Notice (8): Trying to get property of non-object in [/var/www/maties/app/controllers/poi_controller.php, line 40]
2010-04-15 18:44:36 Notice: Notice (8): Undefined property: PoiController::$Node in [/var/www/maties/app/controllers/poi_controller.php, line 40]
2010-04-15 18:44:36 Notice: Notice (8): Trying to get property of non-object in [/var/www/maties/app/controllers/poi_controller.php, line 40]
2010-04-15 18:44:37 Notice: Notice (8): Undefined property: PoiController::$Node in [/var/www/maties/app/controllers/poi_controller.php, line 40]
2010-04-15 18:44:37 Notice: Notice (8): Trying to get property of non-object in [/var/www/maties/app/controllers/poi_controller.php, line 40]
2010-04-15 18:44:37 Notice: Notice (8): Undefined property: PoiController::$Node in [/var/www/maties/app/controllers/poi_controller.php, line 40]
2010-04-15 18:44:37 Notice: Notice (8): Trying to get property of non-object in [/var/www/maties/app/controllers/poi_controller.php, line 40]
2010-04-15 18:48:03 Notice: Notice (8): Undefined property: PoiController::$Node in [/var/www/maties/app/controllers/poi_controller.php, line 40]
2010-04-15 18:48:03 Notice: Notice (8): Trying to get property of non-object in [/var/www/maties/app/controllers/poi_controller.php, line 40]
2010-04-15 18:48:03 Notice: Notice (8): Undefined property: PoiController::$Node in [/var/www/maties/app/controllers/poi_controller.php, line 40]
2010-04-15 18:48:03 Notice: Notice (8): Trying to get property of non-object in [/var/www/maties/app/controllers/poi_controller.php, line 40]
2010-04-15 18:48:04 Notice: Notice (8): Undefined property: PoiController::$Node in [/var/www/maties/app/controllers/poi_controller.php, line 40]
2010-04-15 18:48:04 Notice: Notice (8): Trying to get property of non-object in [/var/www/maties/app/controllers/poi_controller.php, line 40]
2010-04-15 18:49:09 Notice: Notice (8): Undefined variable: usuario in [/var/www/maties/app/views/layouts/default.ctp, line 30]
2010-04-15 18:59:09 Notice: Notice (8): Undefined property: PoiController::$Node in [/var/www/maties/app/controllers/poi_controller.php, line 40]
2010-04-15 18:59:09 Notice: Notice (8): Trying to get property of non-object in [/var/www/maties/app/controllers/poi_controller.php, line 40]
2010-04-15 18:59:10 Notice: Notice (8): Undefined property: PoiController::$Node in [/var/www/maties/app/controllers/poi_controller.php, line 40]
2010-04-15 18:59:10 Notice: Notice (8): Trying to get property of non-object in [/var/www/maties/app/controllers/poi_controller.php, line 40]
2010-04-15 18:59:10 Notice: Notice (8): Undefined property: PoiController::$Node in [/var/www/maties/app/controllers/poi_controller.php, line 40]
2010-04-15 18:59:10 Notice: Notice (8): Trying to get property of non-object in [/var/www/maties/app/controllers/poi_controller.php, line 40]
2010-04-15 18:59:11 Notice: Notice (8): Undefined property: PoiController::$Node in [/var/www/maties/app/controllers/poi_controller.php, line 40]
2010-04-15 18:59:11 Notice: Notice (8): Trying to get property of non-object in [/var/www/maties/app/controllers/poi_controller.php, line 40]
2010-04-15 18:59:11 Notice: Notice (8): Undefined property: PoiController::$Node in [/var/www/maties/app/controllers/poi_controller.php, line 40]
2010-04-15 18:59:11 Notice: Notice (8): Trying to get property of non-object in [/var/www/maties/app/controllers/poi_controller.php, line 40]
2010-04-15 18:59:12 Notice: Notice (8): Undefined property: PoiController::$Node in [/var/www/maties/app/controllers/poi_controller.php, line 40]
2010-04-15 18:59:12 Notice: Notice (8): Trying to get property of non-object in [/var/www/maties/app/controllers/poi_controller.php, line 40]
2010-04-15 18:59:16 Notice: Notice (8): Undefined property: PoiController::$Node in [/var/www/maties/app/controllers/poi_controller.php, line 40]
2010-04-15 18:59:16 Notice: Notice (8): Trying to get property of non-object in [/var/www/maties/app/controllers/poi_controller.php, line 40]
2010-04-15 18:59:18 Notice: Notice (8): Undefined property: PoiController::$Node in [/var/www/maties/app/controllers/poi_controller.php, line 40]
2010-04-15 18:59:18 Notice: Notice (8): Trying to get property of non-object in [/var/www/maties/app/controllers/poi_controller.php, line 40]
2010-04-15 19:04:10 Notice: Notice (8): Undefined property: PoiController::$Node in [/var/www/maties/app/controllers/poi_controller.php, line 40]
2010-04-15 19:04:10 Notice: Notice (8): Trying to get property of non-object in [/var/www/maties/app/controllers/poi_controller.php, line 40]
2010-04-15 19:05:56 Notice: Notice (8): Undefined property: PoiController::$Node in [/var/www/maties/app/controllers/poi_controller.php, line 40]
2010-04-15 19:05:56 Notice: Notice (8): Trying to get property of non-object in [/var/www/maties/app/controllers/poi_controller.php, line 40]
2010-04-15 19:05:58 Notice: Notice (8): Undefined property: PoiController::$Node in [/var/www/maties/app/controllers/poi_controller.php, line 40]
2010-04-15 19:05:58 Notice: Notice (8): Trying to get property of non-object in [/var/www/maties/app/controllers/poi_controller.php, line 40]
2010-04-15 19:06:13 Notice: Notice (8): Undefined variable: usuario in [/var/www/maties/app/views/layouts/default.ctp, line 30]
2010-04-15 19:06:51 Notice: Notice (8): Undefined property: PoiController::$Node in [/var/www/maties/app/controllers/poi_controller.php, line 40]
2010-04-15 19:06:51 Notice: Notice (8): Trying to get property of non-object in [/var/www/maties/app/controllers/poi_controller.php, line 40]
2010-04-15 19:38:41 Notice: Notice (8): Undefined variable: usuario in [/var/www/maties/app/views/layouts/default.ctp, line 30]
2010-04-15 19:43:07 Notice: Notice (8): Undefined variable: usuario in [/var/www/maties/app/views/layouts/default.ctp, line 30]
2010-04-15 19:52:22 Notice: Notice (8): Undefined index:  id in [/var/www/cake/cake/libs/model/model.php, line 1322]
2010-04-15 19:53:55 Notice: Notice (8): Undefined index:  id in [/var/www/cake/cake/libs/model/model.php, line 1322]
2010-04-15 19:56:14 Notice: Notice (8): Undefined index:  id in [/var/www/cake/cake/libs/model/model.php, line 1322]
2010-04-15 19:56:49 Notice: Notice (8): Undefined index:  id in [/var/www/cake/cake/libs/model/model.php, line 1322]
2010-04-15 19:58:43 Notice: Notice (8): Undefined index:  Action in [/var/www/maties/app/views/poi/editar.ctp, line 3]
2010-04-15 19:58:43 Notice: Notice (8): Undefined index:  Action in [/var/www/maties/app/views/poi/editar.ctp, line 35]
2010-04-15 21:55:18 Notice: Notice (8): Undefined variable: usuario in [/var/www/maties/app/views/layouts/default.ctp, line 30]
2010-04-15 23:26:06 Notice: Notice (8): Undefined variable: usuario in [/var/www/maties/app/views/layouts/default.ctp, line 30]
2010-04-15 23:47:07 Notice: Notice (8): Undefined variable: usuario in [/var/www/maties/app/views/layouts/default.ctp, line 30]
2010-04-16 01:44:13 Notice: Notice (8): Undefined variable: layout in [/var/www/maties/app/views/layouts/default.ctp, line 8]
2010-04-16 01:45:04 Notice: Notice (8): Undefined index:  id in [/var/www/cake/cake/libs/model/model.php, line 1322]
2010-04-16 01:46:40 Notice: Notice (8): Undefined variable: usuario in [/var/www/maties/app/views/layouts/default.ctp, line 31]
2010-04-16 02:19:51 Notice: Notice (8): Undefined variable: usuario in [/var/www/maties/app/views/layouts/default.ctp, line 31]
2010-04-16 02:57:32 Notice: Notice (8): Undefined variable: usuario in [/var/www/maties/app/views/layouts/default.ctp, line 31]
2010-04-16 03:00:25 Notice: Notice (8): Undefined variable: usuario in [/var/www/maties/app/views/layouts/default.ctp, line 31]
2010-04-16 03:44:37 Notice: Notice (8): Undefined variable: usuario in [/var/www/maties/app/views/layouts/default.ctp, line 31]
2010-04-16 03:45:34 Notice: Notice (8): Undefined variable: usuario in [/var/www/maties/app/views/layouts/default.ctp, line 31]
2010-04-16 03:49:55 Notice: Notice (8): Undefined variable: usuario in [/var/www/maties/app/views/layouts/default.ctp, line 31]
2010-04-16 03:52:02 Notice: Notice (8): Undefined variable: usuario in [/var/www/maties/app/views/layouts/default.ctp, line 31]
2010-04-16 04:15:14 Notice: Notice (8): Undefined variable: usuario in [/var/www/maties/app/views/layouts/default.ctp, line 31]
2010-04-16 05:33:04 Notice: Notice (8): Undefined variable: usuario in [/var/www/maties/app/views/layouts/default.ctp, line 31]
2010-04-16 05:53:05 Notice: Notice (8): Undefined variable: usuario in [/var/www/maties/app/views/layouts/default.ctp, line 31]
2010-04-16 06:12:18 Notice: Notice (8): Undefined variable: usuario in [/var/www/maties/app/views/layouts/default.ctp, line 31]
2010-04-16 06:45:46 Notice: Notice (8): Undefined variable: usuario in [/var/www/maties/app/views/layouts/default.ctp, line 31]
2010-04-16 08:15:35 Notice: Notice (8): Undefined variable: usuario in [/var/www/maties/app/views/layouts/default.ctp, line 31]
2010-04-16 08:15:46 Notice: Notice (8): Undefined index:  id in [/var/www/cake/cake/libs/model/model.php, line 1322]
2010-04-16 08:16:54 Notice: Notice (8): Undefined index:  id in [/var/www/cake/cake/libs/model/model.php, line 1322]
2010-04-16 08:16:56 Notice: Notice (8): Undefined variable: usuario in [/var/www/maties/app/views/layouts/default.ctp, line 31]
2010-04-16 08:26:57 Notice: Notice (8): Undefined index:  id in [/var/www/cake/cake/libs/model/model.php, line 1322]
2010-04-16 08:31:31 Notice: Notice (8): Undefined index:  id in [/var/www/cake/cake/libs/model/model.php, line 1322]
2010-04-16 08:32:01 Notice: Notice (8): Undefined index:  id in [/var/www/cake/cake/libs/model/model.php, line 1322]
2010-04-16 08:35:28 Notice: Notice (8): Undefined index:  id in [/var/www/cake/cake/libs/model/model.php, line 1322]
2010-04-16 08:43:34 Notice: Notice (8): Undefined variable: usuario in [/var/www/maties/app/views/layouts/default.ctp, line 31]
2010-04-16 09:25:19 Notice: Notice (8): Undefined index:  Action in [/var/www/maties/app/views/poi/editar.ctp, line 34]
2010-04-16 09:25:19 Notice: Notice (8): Undefined index:  Action in [/var/www/maties/app/views/poi/editar.ctp, line 36]
2010-04-16 09:30:26 Notice: Notice (8): Undefined index:  Action in [/var/www/maties/app/views/poi/editar.ctp, line 34]
2010-04-16 09:30:26 Notice: Notice (8): Undefined index:  Action in [/var/www/maties/app/views/poi/editar.ctp, line 36]
2010-04-16 09:31:12 Notice: Notice (8): Undefined index:  Action in [/var/www/maties/app/views/poi/editar.ctp, line 34]
2010-04-16 09:31:12 Notice: Notice (8): Undefined index:  Action in [/var/www/maties/app/views/poi/editar.ctp, line 36]
2010-04-16 09:36:36 Notice: Notice (8): Undefined variable: usuario in [/var/www/maties/app/views/layouts/default.ctp, line 31]
2010-04-16 10:04:35 Notice: Notice (8): Undefined index:  Action in [/var/www/maties/app/views/poi/editar.ctp, line 34]
2010-04-16 10:04:35 Notice: Notice (8): Undefined index:  Action in [/var/www/maties/app/views/poi/editar.ctp, line 36]
2010-04-16 10:07:07 Notice: Notice (8): Undefined index:  Action in [/var/www/maties/app/views/poi/editar.ctp, line 34]
2010-04-16 10:07:07 Notice: Notice (8): Undefined index:  Action in [/var/www/maties/app/views/poi/editar.ctp, line 36]
2010-04-16 10:14:14 Notice: Notice (8): Undefined variable: usuario in [/var/www/maties/app/views/layouts/default.ctp, line 31]
2010-04-16 10:38:36 Notice: Notice (8): Undefined variable: usuario in [/var/www/maties/app/views/layouts/default.ctp, line 31]
2010-04-16 11:18:42 Notice: Notice (8): Undefined variable: usuario in [/var/www/maties/app/views/layouts/default.ctp, line 31]
2010-04-16 11:59:07 Notice: Notice (8): Undefined offset:  0 in [/var/www/maties/app/views/poi/editar.ctp, line 40]
2010-04-16 12:02:00 Notice: Notice (8): Undefined offset:  0 in [/var/www/maties/app/views/poi/editar.ctp, line 40]
2010-04-16 12:02:54 Notice: Notice (8): Undefined offset:  0 in [/var/www/maties/app/views/poi/editar.ctp, line 40]
2010-04-16 12:03:37 Notice: Notice (8): Undefined offset:  0 in [/var/www/maties/app/views/poi/editar.ctp, line 40]
2010-04-16 12:10:40 Notice: Notice (8): Undefined variable: usuario in [/var/www/maties/app/views/layouts/default.ctp, line 31]
2010-04-16 12:22:26 Notice: Notice (8): Undefined offset:  0 in [/var/www/maties/app/views/poi/editar.ctp, line 40]
2010-04-16 12:28:30 Notice: Notice (8): Undefined variable: usuario in [/var/www/maties/app/views/layouts/default.ctp, line 31]
2010-04-16 12:30:24 Notice: Notice (8): Undefined index:  Prueba in [/var/www/maties/app/views/poi/editar.ctp, line 42]
2010-04-16 12:43:50 Notice: Notice (8): Undefined index:   in [/var/www/maties/app/views/helpers/action.php, line 44]
2010-04-16 12:50:33 Notice: Notice (8): Undefined variable: usuario in [/var/www/maties/app/views/layouts/default.ctp, line 31]
2010-04-16 13:03:36 Notice: Notice (8): Undefined variable: usuario in [/var/www/maties/app/views/layouts/default.ctp, line 31]
2010-04-16 13:29:21 Notice: Notice (8): Undefined variable: fields2 in [/var/www/maties/app/views/poi/editar.ctp, line 35]
2010-04-16 13:48:31 Notice: Notice (8): Undefined variable: usuario in [/var/www/maties/app/views/layouts/default.ctp, line 31]
2010-04-16 15:04:11 Notice: Notice (8): Undefined variable: usuario in [/var/www/maties/app/views/layouts/default.ctp, line 31]
2010-04-16 15:04:14 Notice: Notice (8): Undefined variable: usuario in [/var/www/maties/app/views/layouts/default.ctp, line 31]
2010-04-16 16:01:58 Notice: Notice (8): Undefined variable: usuario in [/var/www/maties/app/views/layouts/default.ctp, line 31]
2010-04-16 17:26:09 Notice: Notice (8): Undefined variable: usuario in [/var/www/maties/app/views/layouts/default.ctp, line 31]
2010-04-16 18:00:09 Notice: Notice (8): Undefined variable: usuario in [/var/www/maties/app/views/layouts/default.ctp, line 31]
2010-04-16 18:18:40 Notice: Notice (8): Undefined variable: usuario in [/var/www/maties/app/views/layouts/default.ctp, line 31]
2010-04-16 18:48:42 Notice: Notice (8): Undefined variable: usuario in [/var/www/maties/app/views/layouts/default.ctp, line 31]
2010-04-16 19:05:05 Notice: Notice (8): Undefined variable: usuario in [/var/www/maties/app/views/layouts/default.ctp, line 31]
2010-04-16 19:58:25 Notice: Notice (8): Undefined variable: usuario in [/var/www/maties/app/views/layouts/default.ctp, line 31]
2010-04-16 20:06:11 Notice: Notice (8): Undefined variable: usuario in [/var/www/maties/app/views/layouts/default.ctp, line 31]
2010-04-16 22:40:13 Notice: Notice (8): Undefined variable: usuario in [/var/www/maties/app/views/layouts/default.ctp, line 31]
2010-04-16 22:41:08 Notice: Notice (8): Undefined variable: usuario in [/var/www/maties/app/views/layouts/default.ctp, line 31]
2010-04-16 22:55:55 Notice: Notice (8): Undefined variable: usuario in [/var/www/maties/app/views/layouts/default.ctp, line 31]
2010-04-16 23:16:23 Notice: Notice (8): Undefined variable: usuario in [/var/www/maties/app/views/layouts/default.ctp, line 31]
2010-04-16 23:56:31 Notice: Notice (8): Use of undefined constant php - assumed 'php' in [/opt/lampp/htdocs/layar/app/views/layouts/default.ctp, line 51]
2010-04-16 23:56:31 Notice: Notice (8): Undefined variable: usuario in [/opt/lampp/htdocs/layar/app/views/layouts/default.ctp, line 31]
2010-04-16 23:56:31 Notice: Notice (8): Use of undefined constant php - assumed 'php' in [/opt/lampp/htdocs/layar/app/views/layouts/default.ctp, line 51]
2010-04-16 23:56:31 Notice: Notice (8): Undefined variable: usuario in [/opt/lampp/htdocs/layar/app/views/layouts/default.ctp, line 31]
2010-04-16 23:56:31 Notice: Notice (8): Use of undefined constant php - assumed 'php' in [/opt/lampp/htdocs/layar/app/views/layouts/default.ctp, line 51]
2010-04-16 23:56:35 Notice: Notice (8): Use of undefined constant php - assumed 'php' in [/opt/lampp/htdocs/layar/app/views/layouts/default.ctp, line 51]
2010-04-16 23:56:35 Notice: Notice (8): Undefined variable: usuario in [/opt/lampp/htdocs/layar/app/views/layouts/default.ctp, line 31]
2010-04-16 23:56:35 Notice: Notice (8): Use of undefined constant php - assumed 'php' in [/opt/lampp/htdocs/layar/app/views/layouts/default.ctp, line 51]
2010-04-16 23:56:35 Notice: Notice (8): Undefined variable: usuario in [/opt/lampp/htdocs/layar/app/views/layouts/default.ctp, line 31]
2010-04-16 23:56:35 Notice: Notice (8): Use of undefined constant php - assumed 'php' in [/opt/lampp/htdocs/layar/app/views/layouts/default.ctp, line 51]
2010-04-16 23:56:37 Notice: Notice (8): Use of undefined constant php - assumed 'php' in [/opt/lampp/htdocs/layar/app/views/layouts/default.ctp, line 51]
2010-04-16 23:56:37 Notice: Notice (8): Undefined variable: usuario in [/opt/lampp/htdocs/layar/app/views/layouts/default.ctp, line 31]
2010-04-16 23:56:37 Notice: Notice (8): Use of undefined constant php - assumed 'php' in [/opt/lampp/htdocs/layar/app/views/layouts/default.ctp, line 51]
2010-04-16 23:56:37 Notice: Notice (8): Undefined variable: usuario in [/opt/lampp/htdocs/layar/app/views/layouts/default.ctp, line 31]
2010-04-16 23:56:37 Notice: Notice (8): Use of undefined constant php - assumed 'php' in [/opt/lampp/htdocs/layar/app/views/layouts/default.ctp, line 51]
2010-04-16 23:56:46 Notice: Notice (8): Use of undefined constant php - assumed 'php' in [/opt/lampp/htdocs/layar/app/views/layouts/default.ctp, line 51]
2010-04-16 23:56:46 Notice: Notice (8): Undefined variable: usuario in [/opt/lampp/htdocs/layar/app/views/layouts/default.ctp, line 31]
2010-04-16 23:56:46 Notice: Notice (8): Use of undefined constant php - assumed 'php' in [/opt/lampp/htdocs/layar/app/views/layouts/default.ctp, line 51]
2010-04-16 23:56:46 Notice: Notice (8): Undefined variable: usuario in [/opt/lampp/htdocs/layar/app/views/layouts/default.ctp, line 31]
2010-04-16 23:56:46 Notice: Notice (8): Use of undefined constant php - assumed 'php' in [/opt/lampp/htdocs/layar/app/views/layouts/default.ctp, line 51]
2010-04-17 00:07:02 Notice: Notice (8): Use of undefined constant php - assumed 'php' in [/opt/lampp/htdocs/layar/app/views/layouts/default.ctp, line 51]
2010-04-17 00:12:31 Notice: Notice (8): Use of undefined constant php - assumed 'php' in [/opt/lampp/htdocs/layar/app/views/layouts/default.ctp, line 51]
2010-04-17 00:13:41 Notice: Notice (8): Use of undefined constant php - assumed 'php' in [/opt/lampp/htdocs/layar/app/views/layouts/default.ctp, line 51]
2010-04-17 00:14:20 Notice: Notice (8): Use of undefined constant php - assumed 'php' in [/opt/lampp/htdocs/layar/app/views/layouts/default.ctp, line 51]
2010-04-17 00:14:24 Notice: Notice (8): Use of undefined constant php - assumed 'php' in [/opt/lampp/htdocs/layar/app/views/layouts/default.ctp, line 51]
2010-04-17 00:14:29 Notice: Notice (8): Use of undefined constant php - assumed 'php' in [/opt/lampp/htdocs/layar/app/views/layouts/default.ctp, line 51]
2010-04-17 00:15:26 Notice: Notice (8): Undefined variable: usuario in [/opt/lampp/htdocs/layar/app/views/layouts/default.ctp, line 31]
2010-04-17 00:15:26 Notice: Notice (8): Use of undefined constant php - assumed 'php' in [/opt/lampp/htdocs/layar/app/views/layouts/default.ctp, line 51]
2010-04-17 00:15:29 Notice: Notice (8): Use of undefined constant php - assumed 'php' in [/opt/lampp/htdocs/layar/app/views/layouts/default.ctp, line 51]
2010-04-17 00:15:31 Notice: Notice (8): Use of undefined constant php - assumed 'php' in [/opt/lampp/htdocs/layar/app/views/layouts/default.ctp, line 51]
2010-04-17 00:17:23 Notice: Notice (8): Use of undefined constant php - assumed 'php' in [/opt/lampp/htdocs/layar/app/views/layouts/default.ctp, line 51]
2010-04-17 00:17:27 Notice: Notice (8): Use of undefined constant php - assumed 'php' in [/opt/lampp/htdocs/layar/app/views/layouts/default.ctp, line 51]
2010-04-17 00:17:31 Notice: Notice (8): Use of undefined constant php - assumed 'php' in [/opt/lampp/htdocs/layar/app/views/layouts/default.ctp, line 51]
2010-04-17 00:17:50 Notice: Notice (8): Use of undefined constant php - assumed 'php' in [/opt/lampp/htdocs/layar/app/views/layouts/default.ctp, line 51]
2010-04-17 00:17:52 Notice: Notice (8): Use of undefined constant php - assumed 'php' in [/opt/lampp/htdocs/layar/app/views/layouts/default.ctp, line 51]
2010-04-17 00:18:18 Notice: Notice (8): Use of undefined constant php - assumed 'php' in [/opt/lampp/htdocs/layar/app/views/layouts/default.ctp, line 51]
2010-04-17 00:20:12 Notice: Notice (8): Use of undefined constant php - assumed 'php' in [/opt/lampp/htdocs/layar/app/views/layouts/default.ctp, line 51]
2010-04-17 00:20:17 Notice: Notice (8): Use of undefined constant php - assumed 'php' in [/opt/lampp/htdocs/layar/app/views/layouts/default.ctp, line 51]
2010-04-17 00:20:24 Notice: Notice (8): Use of undefined constant php - assumed 'php' in [/opt/lampp/htdocs/layar/app/views/layouts/default.ctp, line 51]
2010-04-17 00:20:33 Notice: Notice (8): Use of undefined constant php - assumed 'php' in [/opt/lampp/htdocs/layar/app/views/layouts/default.ctp, line 51]
2010-04-17 00:20:46 Notice: Notice (8): Use of undefined constant php - assumed 'php' in [/opt/lampp/htdocs/layar/app/views/layouts/default.ctp, line 51]
2010-04-17 00:20:47 Notice: Notice (8): Use of undefined constant php - assumed 'php' in [/opt/lampp/htdocs/layar/app/views/layouts/default.ctp, line 51]
2010-04-17 00:24:19 Notice: Notice (8): Use of undefined constant php - assumed 'php' in [/opt/lampp/htdocs/layar/app/views/layouts/default.ctp, line 51]
2010-04-17 00:24:37 Notice: Notice (8): Use of undefined constant php - assumed 'php' in [/opt/lampp/htdocs/layar/app/views/layouts/default.ctp, line 51]
2010-04-17 00:24:38 Notice: Notice (8): Use of undefined constant php - assumed 'php' in [/opt/lampp/htdocs/layar/app/views/layouts/default.ctp, line 51]
2010-04-17 00:24:47 Notice: Notice (8): Use of undefined constant php - assumed 'php' in [/opt/lampp/htdocs/layar/app/views/layouts/default.ctp, line 51]
2010-04-17 00:24:49 Notice: Notice (8): Use of undefined constant php - assumed 'php' in [/opt/lampp/htdocs/layar/app/views/layouts/default.ctp, line 51]
2010-04-17 00:24:57 Notice: Notice (8): Use of undefined constant php - assumed 'php' in [/opt/lampp/htdocs/layar/app/views/layouts/default.ctp, line 51]
2010-04-17 00:24:59 Notice: Notice (8): Use of undefined constant php - assumed 'php' in [/opt/lampp/htdocs/layar/app/views/layouts/default.ctp, line 51]
2010-04-17 00:27:08 Notice: Notice (8): Use of undefined constant php - assumed 'php' in [/opt/lampp/htdocs/layar/app/views/layouts/default.ctp, line 51]
2010-04-17 00:27:17 Notice: Notice (8): Use of undefined constant php - assumed 'php' in [/opt/lampp/htdocs/layar/app/views/layouts/default.ctp, line 51]
2010-04-17 00:27:19 Notice: Notice (8): Use of undefined constant php - assumed 'php' in [/opt/lampp/htdocs/layar/app/views/layouts/default.ctp, line 51]
2010-04-17 00:27:42 Notice: Notice (8): Use of undefined constant php - assumed 'php' in [/opt/lampp/htdocs/layar/app/views/layouts/default.ctp, line 51]
2010-04-17 00:27:44 Notice: Notice (8): Use of undefined constant php - assumed 'php' in [/opt/lampp/htdocs/layar/app/views/layouts/default.ctp, line 51]
2010-04-17 00:27:51 Notice: Notice (8): Use of undefined constant php - assumed 'php' in [/opt/lampp/htdocs/layar/app/views/layouts/default.ctp, line 51]
2010-04-17 00:28:03 Notice: Notice (8): Use of undefined constant php - assumed 'php' in [/opt/lampp/htdocs/layar/app/views/layouts/default.ctp, line 51]
2010-04-17 00:28:04 Notice: Notice (8): Use of undefined constant php - assumed 'php' in [/opt/lampp/htdocs/layar/app/views/layouts/default.ctp, line 51]
2010-04-17 00:28:47 Notice: Notice (8): Use of undefined constant php - assumed 'php' in [/opt/lampp/htdocs/layar/app/views/layouts/default.ctp, line 51]
2010-04-17 00:28:50 Notice: Notice (8): Use of undefined constant php - assumed 'php' in [/opt/lampp/htdocs/layar/app/views/layouts/default.ctp, line 51]
2010-04-17 00:28:52 Notice: Notice (8): Use of undefined constant php - assumed 'php' in [/opt/lampp/htdocs/layar/app/views/layouts/default.ctp, line 51]
2010-04-17 00:29:09 Notice: Notice (8): Use of undefined constant php - assumed 'php' in [/opt/lampp/htdocs/layar/app/views/layouts/default.ctp, line 51]
2010-04-17 00:29:10 Notice: Notice (8): Use of undefined constant php - assumed 'php' in [/opt/lampp/htdocs/layar/app/views/layouts/default.ctp, line 51]
2010-04-17 00:33:30 Notice: Notice (8): Use of undefined constant php - assumed 'php' in [/opt/lampp/htdocs/layar/app/views/layouts/default.ctp, line 51]
2010-04-17 00:35:01 Notice: Notice (8): Use of undefined constant php - assumed 'php' in [/opt/lampp/htdocs/layar/app/views/layouts/default.ctp, line 51]
2010-04-17 00:36:25 Notice: Notice (8): Use of undefined constant php - assumed 'php' in [/opt/lampp/htdocs/layar/app/views/layouts/default.ctp, line 51]
2010-04-17 00:39:09 Notice: Notice (8): Use of undefined constant php - assumed 'php' in [/opt/lampp/htdocs/layar/app/views/layouts/default.ctp, line 51]
2010-04-17 00:39:11 Notice: Notice (8): Use of undefined constant php - assumed 'php' in [/opt/lampp/htdocs/layar/app/views/layouts/default.ctp, line 51]
2010-04-17 00:39:21 Notice: Notice (8): Use of undefined constant php - assumed 'php' in [/opt/lampp/htdocs/layar/app/views/layouts/default.ctp, line 51]
2010-04-17 00:39:23 Notice: Notice (8): Use of undefined constant php - assumed 'php' in [/opt/lampp/htdocs/layar/app/views/layouts/default.ctp, line 51]
2010-04-17 00:39:38 Notice: Notice (8): Use of undefined constant php - assumed 'php' in [/opt/lampp/htdocs/layar/app/views/layouts/default.ctp, line 51]
2010-04-17 00:39:39 Notice: Notice (8): Use of undefined constant php - assumed 'php' in [/opt/lampp/htdocs/layar/app/views/layouts/default.ctp, line 51]
2010-04-17 00:44:26 Notice: Notice (8): Use of undefined constant php - assumed 'php' in [/opt/lampp/htdocs/layar/app/views/layouts/default.ctp, line 51]
2010-04-17 00:44:27 Notice: Notice (8): Use of undefined constant php - assumed 'php' in [/opt/lampp/htdocs/layar/app/views/layouts/default.ctp, line 51]
2010-04-17 00:49:47 Notice: Notice (8): Use of undefined constant php - assumed 'php' in [/opt/lampp/htdocs/layar/app/views/layouts/default.ctp, line 51]
2010-04-17 00:49:49 Notice: Notice (8): Use of undefined constant php - assumed 'php' in [/opt/lampp/htdocs/layar/app/views/layouts/default.ctp, line 51]
2010-04-17 01:19:45 Notice: Notice (8): Use of undefined constant php - assumed 'php' in [/opt/lampp/htdocs/layar/app/views/layouts/default.ctp, line 51]
2010-04-17 01:29:29 Notice: Notice (8): Use of undefined constant php - assumed 'php' in [/opt/lampp/htdocs/layar/app/views/layouts/default.ctp, line 51]
2010-04-17 01:30:48 Notice: Notice (8): Use of undefined constant php - assumed 'php' in [/opt/lampp/htdocs/layar/app/views/layouts/default.ctp, line 51]
2010-04-17 01:30:50 Notice: Notice (8): Use of undefined constant php - assumed 'php' in [/opt/lampp/htdocs/layar/app/views/layouts/default.ctp, line 51]
2010-04-17 01:34:20 Notice: Notice (8): Use of undefined constant php - assumed 'php' in [/opt/lampp/htdocs/layar/app/views/layouts/default.ctp, line 51]
2010-04-17 01:34:22 Notice: Notice (8): Use of undefined constant php - assumed 'php' in [/opt/lampp/htdocs/layar/app/views/layouts/default.ctp, line 51]
2010-04-17 01:34:27 Notice: Notice (8): Use of undefined constant php - assumed 'php' in [/opt/lampp/htdocs/layar/app/views/layouts/default.ctp, line 51]
2010-04-17 01:37:40 Notice: Notice (8): Use of undefined constant php - assumed 'php' in [/opt/lampp/htdocs/layar/app/views/layouts/default.ctp, line 51]
2010-04-17 01:38:12 Notice: Notice (8): Use of undefined constant php - assumed 'php' in [/opt/lampp/htdocs/layar/app/views/layouts/default.ctp, line 51]
2010-04-17 15:55:26 Notice: Notice (8): Use of undefined constant php - assumed 'php' in [/opt/lampp/htdocs/layar/app/views/layouts/default.ctp, line 51]
2010-04-17 15:56:29 Notice: Notice (8): Use of undefined constant php - assumed 'php' in [/opt/lampp/htdocs/layar/app/views/layouts/default.ctp, line 51]
2010-04-17 15:56:31 Notice: Notice (8): Use of undefined constant php - assumed 'php' in [/opt/lampp/htdocs/layar/app/views/layouts/default.ctp, line 51]
2010-04-17 15:57:05 Notice: Notice (8): Use of undefined constant php - assumed 'php' in [/opt/lampp/htdocs/layar/app/views/layouts/default.ctp, line 51]
2010-04-17 15:57:07 Notice: Notice (8): Use of undefined constant php - assumed 'php' in [/opt/lampp/htdocs/layar/app/views/layouts/default.ctp, line 51]
2010-04-17 15:57:16 Notice: Notice (8): Use of undefined constant php - assumed 'php' in [/opt/lampp/htdocs/layar/app/views/layouts/default.ctp, line 51]
2010-04-17 15:57:19 Notice: Notice (8): Use of undefined constant php - assumed 'php' in [/opt/lampp/htdocs/layar/app/views/layouts/default.ctp, line 51]
2010-04-17 16:06:30 Notice: Notice (8): Use of undefined constant php - assumed 'php' in [/opt/lampp/htdocs/layar/app/views/layouts/default.ctp, line 51]
2010-04-17 16:06:32 Notice: Notice (8): Use of undefined constant php - assumed 'php' in [/opt/lampp/htdocs/layar/app/views/layouts/default.ctp, line 51]
2010-04-17 16:06:37 Notice: Notice (8): Use of undefined constant php - assumed 'php' in [/opt/lampp/htdocs/layar/app/views/layouts/default.ctp, line 51]
2010-04-17 16:06:39 Notice: Notice (8): Use of undefined constant php - assumed 'php' in [/opt/lampp/htdocs/layar/app/views/layouts/default.ctp, line 51]
2010-04-17 16:06:47 Notice: Notice (8): Use of undefined constant php - assumed 'php' in [/opt/lampp/htdocs/layar/app/views/layouts/default.ctp, line 51]
2010-04-17 16:06:49 Notice: Notice (8): Use of undefined constant php - assumed 'php' in [/opt/lampp/htdocs/layar/app/views/layouts/default.ctp, line 51]
2010-04-17 16:06:51 Notice: Notice (8): Use of undefined constant php - assumed 'php' in [/opt/lampp/htdocs/layar/app/views/layouts/default.ctp, line 51]
2010-04-17 16:07:04 Notice: Notice (8): Use of undefined constant php - assumed 'php' in [/opt/lampp/htdocs/layar/app/views/layouts/default.ctp, line 51]
2010-04-17 16:07:05 Notice: Notice (8): Use of undefined constant php - assumed 'php' in [/opt/lampp/htdocs/layar/app/views/layouts/default.ctp, line 51]
2010-04-17 16:07:09 Notice: Notice (8): Use of undefined constant php - assumed 'php' in [/opt/lampp/htdocs/layar/app/views/layouts/default.ctp, line 51]
2010-04-17 16:07:10 Notice: Notice (8): Use of undefined constant php - assumed 'php' in [/opt/lampp/htdocs/layar/app/views/layouts/default.ctp, line 51]
2010-04-17 16:27:42 Notice: Notice (8): Use of undefined constant php - assumed 'php' in [/opt/lampp/htdocs/layar/app/views/layouts/default.ctp, line 51]
2010-04-17 16:27:50 Notice: Notice (8): Use of undefined constant php - assumed 'php' in [/opt/lampp/htdocs/layar/app/views/layouts/default.ctp, line 51]
2010-04-17 16:27:52 Notice: Notice (8): Use of undefined constant php - assumed 'php' in [/opt/lampp/htdocs/layar/app/views/layouts/default.ctp, line 51]
2010-04-17 16:28:09 Notice: Notice (8): Use of undefined constant php - assumed 'php' in [/opt/lampp/htdocs/layar/app/views/layouts/default.ctp, line 51]
2010-04-17 16:28:11 Notice: Notice (8): Use of undefined constant php - assumed 'php' in [/opt/lampp/htdocs/layar/app/views/layouts/default.ctp, line 51]
2010-04-17 16:30:17 Notice: Notice (8): Use of undefined constant php - assumed 'php' in [/opt/lampp/htdocs/layar/app/views/layouts/default.ctp, line 51]
2010-04-17 16:30:23 Notice: Notice (8): Use of undefined constant php - assumed 'php' in [/opt/lampp/htdocs/layar/app/views/layouts/default.ctp, line 51]
2010-04-17 16:31:28 Notice: Notice (8): Use of undefined constant php - assumed 'php' in [/opt/lampp/htdocs/layar/app/views/layouts/default.ctp, line 51]
2010-04-17 16:34:34 Notice: Notice (8): Use of undefined constant php - assumed 'php' in [/opt/lampp/htdocs/layar/app/views/layouts/default.ctp, line 51]
2010-06-12 00:46:54 Notice: Notice (8): Use of undefined constant php - assumed 'php' in [/opt/lampp/htdocs/layar/app/views/layouts/default.ctp, line 50]
2010-09-29 11:10:34 Notice: Notice (8): Use of undefined constant php - assumed 'php' in [/opt/lampp/htdocs/layar/app/views/layouts/default.ctp, line 50]
2010-11-05 09:49:06 Notice: Notice (8): Use of undefined constant php - assumed 'php' in [/opt/lampp/htdocs/layar/app/views/layouts/default.ctp, line 50]
