2010-04-11 01:30:35 Warning: Warning (512): <span style="color:Red;text-align:left"><b>SQL Error:</b> 1054: Unknown column 'Poi.Action_id' in 'on clause'</span> in [/var/www/cake/cake/libs/model/datasources/dbo_source.php, line 666]
2010-04-11 01:31:28 Warning: Warning (512): <span style="color:Red;text-align:left"><b>SQL Error:</b> 1054: Unknown column 'id' in 'order clause'</span> in [/var/www/cake/cake/libs/model/datasources/dbo_source.php, line 666]
2010-04-11 01:31:31 Warning: Warning (512): <span style="color:Red;text-align:left"><b>SQL Error:</b> 1054: Unknown column 'id' in 'order clause'</span> in [/var/www/cake/cake/libs/model/datasources/dbo_source.php, line 666]
2010-04-11 02:32:57 Warning: Warning (512): <span style="color:Red;text-align:left"><b>SQL Error:</b> 1054: Unknown column 'Poi.poiId' in 'on clause'</span> in [/var/www/cake/cake/libs/model/datasources/dbo_source.php, line 666]
2010-04-11 02:34:16 Warning: Warning (512): <span style="color:Red;text-align:left"><b>SQL Error:</b> 1054: Unknown column 'Poi.poiId' in 'on clause'</span> in [/var/www/cake/cake/libs/model/datasources/dbo_source.php, line 666]
2010-04-11 02:34:18 Warning: Warning (512): <span style="color:Red;text-align:left"><b>SQL Error:</b> 1054: Unknown column 'Poi.poiId' in 'on clause'</span> in [/var/www/cake/cake/libs/model/datasources/dbo_source.php, line 666]
2010-04-11 02:34:31 Warning: Warning (512): <span style="color:Red;text-align:left"><b>SQL Error:</b> 1054: Unknown column 'Action.id' in 'on clause'</span> in [/var/www/cake/cake/libs/model/datasources/dbo_source.php, line 666]
2010-04-11 02:35:06 Warning: Warning (512): <span style="color:Red;text-align:left"><b>SQL Error:</b> 1054: Unknown column 'Action.id' in 'on clause'</span> in [/var/www/cake/cake/libs/model/datasources/dbo_source.php, line 666]
2010-04-11 19:17:01 Warning: Warning (2): Invalid argument supplied for foreach() in [/var/www/maties/app/views/poi/index.ctp, line 9]
2010-04-15 18:14:22 Warning: Warning (512): <span style="color:Red;text-align:left"><b>SQL Error:</b> 1064: You have an error in your SQL syntax; check the manual that corresponds to your MySQL server version for the right syntax to use near 'saveWithActcion' at line 1</span> in [/var/www/cake/cake/libs/model/datasources/dbo_source.php, line 666]
2010-04-15 19:52:22 Warning: Warning (2): Cannot modify header information - headers already sent by (output started at /var/www/cake/cake/libs/debugger.php:673) in [/var/www/cake/cake/libs/controller/controller.php, line 744]
2010-04-15 19:53:55 Warning: Warning (2): Cannot modify header information - headers already sent by (output started at /var/www/cake/cake/libs/debugger.php:673) in [/var/www/cake/cake/libs/controller/controller.php, line 744]
2010-04-15 19:56:14 Warning: Warning (2): Cannot modify header information - headers already sent by (output started at /var/www/cake/cake/libs/debugger.php:673) in [/var/www/cake/cake/libs/controller/controller.php, line 744]
2010-04-15 19:56:50 Warning: Warning (2): Cannot modify header information - headers already sent by (output started at /var/www/cake/cake/libs/debugger.php:673) in [/var/www/cake/cake/libs/controller/controller.php, line 744]
2010-04-16 01:45:05 Warning: Warning (2): Cannot modify header information - headers already sent by (output started at /var/www/cake/cake/libs/debugger.php:673) in [/var/www/cake/cake/libs/controller/controller.php, line 744]
2010-04-16 01:45:38 Warning: Warning (512): <span style="color:Red;text-align:left"><b>SQL Error:</b> 1054: Unknown column 'Action.id' in 'where clause'</span> in [/var/www/cake/cake/libs/model/datasources/dbo_source.php, line 666]
2010-04-16 01:45:39 Warning: Warning (512): <span style="color:Red;text-align:left"><b>SQL Error:</b> 1054: Unknown column 'Action.id' in 'where clause'</span> in [/var/www/cake/cake/libs/model/datasources/dbo_source.php, line 666]
2010-04-16 01:45:39 Warning: Warning (512): <span style="color:Red;text-align:left"><b>SQL Error:</b> 1054: Unknown column 'Action.id' in 'where clause'</span> in [/var/www/cake/cake/libs/model/datasources/dbo_source.php, line 666]
2010-04-16 01:45:39 Warning: Warning (512): <span style="color:Red;text-align:left"><b>SQL Error:</b> 1054: Unknown column 'Action.id' in 'where clause'</span> in [/var/www/cake/cake/libs/model/datasources/dbo_source.php, line 666]
2010-04-16 08:05:47 Warning: Warning (512): <span style="color:Red;text-align:left"><b>SQL Error:</b> 1054: Unknown column 'Action.id' in 'where clause'</span> in [/var/www/cake/cake/libs/model/datasources/dbo_source.php, line 666]
2010-04-16 08:07:38 Warning: Warning (512): <span style="color:Red;text-align:left"><b>SQL Error:</b> 1054: Unknown column 'Action.id' in 'where clause'</span> in [/var/www/cake/cake/libs/model/datasources/dbo_source.php, line 666]
2010-04-16 08:07:45 Warning: Warning (512): <span style="color:Red;text-align:left"><b>SQL Error:</b> 1054: Unknown column 'Action.id' in 'where clause'</span> in [/var/www/cake/cake/libs/model/datasources/dbo_source.php, line 666]
2010-04-16 08:08:40 Warning: Warning (512): <span style="color:Red;text-align:left"><b>SQL Error:</b> 1054: Unknown column 'Action.id' in 'where clause'</span> in [/var/www/cake/cake/libs/model/datasources/dbo_source.php, line 666]
2010-04-16 08:11:06 Warning: Warning (512): <span style="color:Red;text-align:left"><b>SQL Error:</b> 1054: Unknown column 'Action.id' in 'where clause'</span> in [/var/www/cake/cake/libs/model/datasources/dbo_source.php, line 666]
2010-04-16 08:11:29 Warning: Warning (512): <span style="color:Red;text-align:left"><b>SQL Error:</b> 1054: Unknown column 'Action.id' in 'where clause'</span> in [/var/www/cake/cake/libs/model/datasources/dbo_source.php, line 666]
2010-04-16 08:12:45 Warning: Warning (512): <span style="color:Red;text-align:left"><b>SQL Error:</b> 1054: Unknown column 'Action.id' in 'where clause'</span> in [/var/www/cake/cake/libs/model/datasources/dbo_source.php, line 666]
2010-04-16 08:12:50 Warning: Warning (512): <span style="color:Red;text-align:left"><b>SQL Error:</b> 1054: Unknown column 'Action.id' in 'where clause'</span> in [/var/www/cake/cake/libs/model/datasources/dbo_source.php, line 666]
2010-04-16 08:12:51 Warning: Warning (512): <span style="color:Red;text-align:left"><b>SQL Error:</b> 1054: Unknown column 'Action.id' in 'where clause'</span> in [/var/www/cake/cake/libs/model/datasources/dbo_source.php, line 666]
2010-04-16 08:15:46 Warning: Warning (512): <span style="color:Red;text-align:left"><b>SQL Error:</b> 1062: Duplicate entry '2' for key 1</span> in [/var/www/cake/cake/libs/model/datasources/dbo_source.php, line 666]
2010-04-16 08:15:46 Warning: Warning (2): Cannot modify header information - headers already sent by (output started at /var/www/cake/cake/libs/debugger.php:673) in [/var/www/cake/cake/libs/controller/controller.php, line 744]
2010-04-16 08:16:43 Warning: Warning (512): <span style="color:Red;text-align:left"><b>SQL Error:</b> 1054: Unknown column 'Action.id' in 'where clause'</span> in [/var/www/cake/cake/libs/model/datasources/dbo_source.php, line 666]
2010-04-16 08:16:54 Warning: Warning (512): <span style="color:Red;text-align:left"><b>SQL Error:</b> 1062: Duplicate entry '2' for key 1</span> in [/var/www/cake/cake/libs/model/datasources/dbo_source.php, line 666]
2010-04-16 08:16:54 Warning: Warning (512): <span style="color:Red;text-align:left"><b>SQL Error:</b> 1062: Duplicate entry '3' for key 1</span> in [/var/www/cake/cake/libs/model/datasources/dbo_source.php, line 666]
2010-04-16 08:16:54 Warning: Warning (2): Cannot modify header information - headers already sent by (output started at /var/www/cake/cake/libs/debugger.php:673) in [/var/www/cake/cake/libs/controller/controller.php, line 744]
2010-04-16 08:26:57 Warning: Warning (512): <span style="color:Red;text-align:left"><b>SQL Error:</b> 1062: Duplicate entry '2' for key 1</span> in [/var/www/cake/cake/libs/model/datasources/dbo_source.php, line 666]
2010-04-16 08:26:57 Warning: Warning (2): Cannot modify header information - headers already sent by (output started at /var/www/cake/cake/libs/debugger.php:673) in [/var/www/cake/cake/libs/controller/controller.php, line 744]
2010-04-16 08:31:31 Warning: Warning (2): Cannot modify header information - headers already sent by (output started at /var/www/cake/cake/libs/debugger.php:673) in [/var/www/cake/cake/libs/controller/controller.php, line 744]
2010-04-16 08:32:01 Warning: Warning (512): <span style="color:Red;text-align:left"><b>SQL Error:</b> 1062: Duplicate entry '6' for key 1</span> in [/var/www/cake/cake/libs/model/datasources/dbo_source.php, line 666]
2010-04-16 08:32:01 Warning: Warning (2): Cannot modify header information - headers already sent by (output started at /var/www/cake/cake/libs/debugger.php:673) in [/var/www/cake/cake/libs/controller/controller.php, line 744]
2010-04-16 08:35:28 Warning: Warning (2): Cannot modify header information - headers already sent by (output started at /var/www/cake/cake/libs/debugger.php:673) in [/var/www/cake/cake/libs/controller/controller.php, line 744]
2010-04-17 00:14:32 Warning: Warning (512): <span style="color:Red;text-align:left"><b>SQL Error:</b> 1054: Unknown column 'Action.id' in 'field list'</span> in [/opt/lampp/htdocs/cake/cake/libs/model/datasources/dbo_source.php, line 666]
2010-04-17 00:14:32 Warning: Warning (2): Cannot modify header information - headers already sent by (output started at /opt/lampp/htdocs/cake/cake/libs/debugger.php:673) in [/opt/lampp/htdocs/cake/cake/libs/controller/controller.php, line 744]
2010-04-17 00:15:40 Warning: Warning (2): Cannot modify header information - headers already sent by (output started at /opt/lampp/htdocs/cake/cake/basics.php:110) in [/opt/lampp/htdocs/cake/cake/libs/controller/controller.php, line 744]
2010-04-17 00:17:36 Warning: Warning (2): Cannot modify header information - headers already sent by (output started at /opt/lampp/htdocs/cake/cake/basics.php:110) in [/opt/lampp/htdocs/cake/cake/libs/controller/controller.php, line 744]
2010-04-17 00:18:01 Warning: Warning (2): Cannot modify header information - headers already sent by (output started at /opt/lampp/htdocs/cake/cake/basics.php:110) in [/opt/lampp/htdocs/cake/cake/libs/controller/controller.php, line 744]
